<?xml version="1.0" encoding="UTF-8"?>
<!-- Generated by org.testng.reporters.JUnitXMLReporter -->
<testsuite ignored="0" hostname="Taruns-MBP.lan" failures="0" tests="3" name="Default test" time="5.011" errors="0" timestamp="2021-07-21T15:48:38 IST">
  <testcase classname="com.pb.rest.presentation.WaitCall" name="postExample" time="2.625"/>
  <testcase classname="com.pb.rest.presentation.WaitCall" name="postExample" time="0.757"/>
  <testcase classname="com.pb.rest.presentation.WaitCall" name="postExample" time="0.719"/>
</testsuite> <!-- Default test -->
