<?xml version="1.0" encoding="UTF-8"?>
<!-- Generated by org.testng.reporters.JUnitXMLReporter -->
<testsuite ignored="0" hostname="Taruns-MacBook-Pro.local" failures="0" tests="2" name="Default test" time="4.111" errors="0" timestamp="2020-07-20T14:40:41 IST">
  <testcase classname="com.pb.rest.specs.RequestSpecificationTest" name="ArrayIterate" time="2.366"/>
  <testcase classname="com.pb.rest.specs.RequestSpecificationTest" name="conditionalLogic" time="0.68"/>
</testsuite> <!-- Default test -->
