<?xml version="1.0" encoding="UTF-8"?>
<testng-results skipped="0" failed="0" ignored="0" total="1" passed="1">
  <reporter-output>
  </reporter-output>
  <suite name="Default suite" duration-ms="2973" started-at="2021-09-21T05:00:03Z" finished-at="2021-09-21T05:00:06Z">
    <groups>
    </groups>
    <test name="Default test" duration-ms="2973" started-at="2021-09-21T05:00:03Z" finished-at="2021-09-21T05:00:06Z">
      <class name="com.pb.rest.presentation.TestPOSTPerson">
        <test-method status="PASS" signature="init()[pri:0, instance:com.pb.rest.presentation.TestPOSTPerson@2fd6b6c7]" name="init" is-config="true" duration-ms="363" started-at="2021-09-21T05:00:03Z" finished-at="2021-09-21T05:00:04Z">
          <reporter-output>
          </reporter-output>
        </test-method> <!-- init -->
        <test-method status="PASS" signature="testPOSTCreatePerson()[pri:0, instance:com.pb.rest.presentation.TestPOSTPerson@2fd6b6c7]" name="testPOSTCreatePerson" duration-ms="2563" started-at="2021-09-21T05:00:04Z" finished-at="2021-09-21T05:00:06Z">
          <reporter-output>
          </reporter-output>
        </test-method> <!-- testPOSTCreatePerson -->
      </class> <!-- com.pb.rest.presentation.TestPOSTPerson -->
    </test> <!-- Default test -->
  </suite> <!-- Default suite -->
</testng-results>
